Determining if the pthread_create exist failed with the following output:
Change Dir: /home/yus/Documents/ROS/my_project/build/CMakeFiles/CMakeTmp

Run Build Command:"/usr/bin/make" "cmTC_39fe7/fast"
/usr/bin/make -f CMakeFiles/cmTC_39fe7.dir/build.make CMakeFiles/cmTC_39fe7.dir/build
make[1]: Entering directory '/home/yus/Documents/ROS/my_project/build/CMakeFiles/CMakeTmp'
Building C object CMakeFiles/cmTC_39fe7.dir/CheckSymbolExists.c.o
/usr/bin/cc    -o CMakeFiles/cmTC_39fe7.dir/CheckSymbolExists.c.o   -c /home/yus/Documents/ROS/my_project/build/CMakeFiles/CMakeTmp/CheckSymbolExists.c
Linking C executable cmTC_39fe7
/usr/bin/cmake -E cmake_link_script CMakeFiles/cmTC_39fe7.dir/link.txt --verbose=1
/usr/bin/cc      -rdynamic CMakeFiles/cmTC_39fe7.dir/CheckSymbolExists.c.o  -o cmTC_39fe7 
CMakeFiles/cmTC_39fe7.dir/CheckSymbolExists.c.o: In function `main':
CheckSymbolExists.c:(.text+0x1b): undefined reference to `pthread_create'
collect2: error: ld returned 1 exit status
CMakeFiles/cmTC_39fe7.dir/build.make:97: recipe for target 'cmTC_39fe7' failed
make[1]: *** [cmTC_39fe7] Error 1
make[1]: Leaving directory '/home/yus/Documents/ROS/my_project/build/CMakeFiles/CMakeTmp'
Makefile:126: recipe for target 'cmTC_39fe7/fast' failed
make: *** [cmTC_39fe7/fast] Error 2

File /home/yus/Documents/ROS/my_project/build/CMakeFiles/CMakeTmp/CheckSymbolExists.c:
/* */
#include <pthread.h>

int main(int argc, char** argv)
{
  (void)argv;
#ifndef pthread_create
  return ((int*)(&pthread_create))[argc];
#else
  (void)argc;
  return 0;
#endif
}

Determining if the function pthread_create exists in the pthreads failed with the following output:
Change Dir: /home/yus/Documents/ROS/my_project/build/CMakeFiles/CMakeTmp

Run Build Command:"/usr/bin/make" "cmTC_3befb/fast"
/usr/bin/make -f CMakeFiles/cmTC_3befb.dir/build.make CMakeFiles/cmTC_3befb.dir/build
make[1]: Entering directory '/home/yus/Documents/ROS/my_project/build/CMakeFiles/CMakeTmp'
Building C object CMakeFiles/cmTC_3befb.dir/CheckFunctionExists.c.o
/usr/bin/cc   -DCHECK_FUNCTION_EXISTS=pthread_create   -o CMakeFiles/cmTC_3befb.dir/CheckFunctionExists.c.o   -c /usr/share/cmake-3.10/Modules/CheckFunctionExists.c
Linking C executable cmTC_3befb
/usr/bin/cmake -E cmake_link_script CMakeFiles/cmTC_3befb.dir/link.txt --verbose=1
/usr/bin/cc  -DCHECK_FUNCTION_EXISTS=pthread_create    -rdynamic CMakeFiles/cmTC_3befb.dir/CheckFunctionExists.c.o  -o cmTC_3befb -lpthreads 
/usr/bin/ld: cannot find -lpthreads
collect2: error: ld returned 1 exit status
CMakeFiles/cmTC_3befb.dir/build.make:97: recipe for target 'cmTC_3befb' failed
make[1]: *** [cmTC_3befb] Error 1
make[1]: Leaving directory '/home/yus/Documents/ROS/my_project/build/CMakeFiles/CMakeTmp'
Makefile:126: recipe for target 'cmTC_3befb/fast' failed
make: *** [cmTC_3befb/fast] Error 2


